<?xml version="1.0" encoding="UTF-8"?>
<coverage generated="1669939938489" clover="3.2.0">
  <project timestamp="1669939938489" name="All files">
    <metrics statements="65" coveredstatements="65" conditionals="19" coveredconditionals="19" methods="1" coveredmethods="1" elements="85" coveredelements="85" complexity="0" loc="65" ncloc="65" packages="1" files="1" classes="1"/>
    <file name="deep-equals.ts" path="/home/ehs/dev/ehs/js-interview-prep/src/mastery/deep-equals.ts">
      <metrics statements="65" coveredstatements="65" conditionals="19" coveredconditionals="19" methods="1" coveredmethods="1"/>
      <line num="1" count="1" type="stmt"/>
      <line num="2" count="1" type="stmt"/>
      <line num="3" count="1" type="stmt"/>
      <line num="4" count="1" type="stmt"/>
      <line num="5" count="1" type="stmt"/>
      <line num="6" count="1" type="stmt"/>
      <line num="7" count="1" type="stmt"/>
      <line num="8" count="1" type="stmt"/>
      <line num="9" count="1" type="stmt"/>
      <line num="10" count="1" type="stmt"/>
      <line num="11" count="1" type="stmt"/>
      <line num="12" count="1" type="stmt"/>
      <line num="13" count="1" type="stmt"/>
      <line num="14" count="1" type="stmt"/>
      <line num="15" count="1" type="stmt"/>
      <line num="16" count="1" type="stmt"/>
      <line num="17" count="1" type="stmt"/>
      <line num="18" count="1" type="stmt"/>
      <line num="19" count="1" type="stmt"/>
      <line num="20" count="1" type="stmt"/>
      <line num="21" count="1" type="stmt"/>
      <line num="22" count="1" type="stmt"/>
      <line num="23" count="1" type="stmt"/>
      <line num="24" count="1" type="stmt"/>
      <line num="25" count="1" type="stmt"/>
      <line num="26" count="1" type="stmt"/>
      <line num="27" count="1" type="stmt"/>
      <line num="28" count="1" type="stmt"/>
      <line num="29" count="1" type="stmt"/>
      <line num="30" count="76" type="cond" truecount="1" falsecount="0"/>
      <line num="31" count="76" type="cond" truecount="1" falsecount="0"/>
      <line num="32" count="1" type="stmt"/>
      <line num="33" count="1" type="stmt"/>
      <line num="34" count="75" type="cond" truecount="1" falsecount="0"/>
      <line num="35" count="76" type="cond" truecount="2" falsecount="0"/>
      <line num="36" count="4" type="stmt"/>
      <line num="37" count="4" type="stmt"/>
      <line num="38" count="71" type="cond" truecount="1" falsecount="0"/>
      <line num="39" count="71" type="stmt"/>
      <line num="40" count="76" type="cond" truecount="1" falsecount="0"/>
      <line num="41" count="76" type="cond" truecount="1" falsecount="0"/>
      <line num="42" count="76" type="cond" truecount="1" falsecount="0"/>
      <line num="43" count="76" type="cond" truecount="1" falsecount="0"/>
      <line num="44" count="34" type="stmt"/>
      <line num="45" count="34" type="stmt"/>
      <line num="46" count="34" type="stmt"/>
      <line num="47" count="34" type="cond" truecount="2" falsecount="0"/>
      <line num="48" count="4" type="stmt"/>
      <line num="49" count="4" type="stmt"/>
      <line num="50" count="30" type="cond" truecount="1" falsecount="0"/>
      <line num="51" count="34" type="cond" truecount="1" falsecount="0"/>
      <line num="52" count="3" type="stmt"/>
      <line num="53" count="3" type="stmt"/>
      <line num="54" count="27" type="cond" truecount="1" falsecount="0"/>
      <line num="55" count="34" type="cond" truecount="1" falsecount="0"/>
      <line num="56" count="55" type="cond" truecount="1" falsecount="0"/>
      <line num="57" count="5" type="stmt"/>
      <line num="58" count="5" type="stmt"/>
      <line num="59" count="55" type="stmt"/>
      <line num="60" count="22" type="cond" truecount="1" falsecount="0"/>
      <line num="61" count="22" type="stmt"/>
      <line num="62" count="22" type="stmt"/>
      <line num="63" count="37" type="cond" truecount="1" falsecount="0"/>
      <line num="64" count="37" type="stmt"/>
      <line num="65" count="37" type="stmt"/>
    </file>
  </project>
</coverage>
