{"/home/ehs/dev/ehs/js-interview-prep/src/mastery/deep-equals.ts": {"path":"/home/ehs/dev/ehs/js-interview-prep/src/mastery/deep-equals.ts","all":false,"statementMap":{"0":{"start":{"line":1,"column":0},"end":{"line":1,"column":2}},"1":{"start":{"line":2,"column":0},"end":{"line":2,"column":11}},"2":{"start":{"line":3,"column":0},"end":{"line":3,"column":0}},"3":{"start":{"line":4,"column":0},"end":{"line":4,"column":57}},"4":{"start":{"line":5,"column":0},"end":{"line":5,"column":50}},"5":{"start":{"line":6,"column":0},"end":{"line":6,"column":0}},"6":{"start":{"line":7,"column":0},"end":{"line":7,"column":16}},"7":{"start":{"line":8,"column":0},"end":{"line":8,"column":15}},"8":{"start":{"line":9,"column":0},"end":{"line":9,"column":0}},"9":{"start":{"line":10,"column":0},"end":{"line":10,"column":5}},"10":{"start":{"line":11,"column":0},"end":{"line":11,"column":67}},"11":{"start":{"line":12,"column":0},"end":{"line":12,"column":62}},"12":{"start":{"line":13,"column":0},"end":{"line":13,"column":49}},"13":{"start":{"line":14,"column":0},"end":{"line":14,"column":102}},"14":{"start":{"line":15,"column":0},"end":{"line":15,"column":0}},"15":{"start":{"line":16,"column":0},"end":{"line":16,"column":39}},"16":{"start":{"line":17,"column":0},"end":{"line":17,"column":63}},"17":{"start":{"line":18,"column":0},"end":{"line":18,"column":87}},"18":{"start":{"line":19,"column":0},"end":{"line":19,"column":0}},"19":{"start":{"line":20,"column":0},"end":{"line":20,"column":78}},"20":{"start":{"line":21,"column":0},"end":{"line":21,"column":69}},"21":{"start":{"line":22,"column":0},"end":{"line":22,"column":0}},"22":{"start":{"line":23,"column":0},"end":{"line":23,"column":49}},"23":{"start":{"line":24,"column":0},"end":{"line":24,"column":23}},"24":{"start":{"line":25,"column":0},"end":{"line":25,"column":55}},"25":{"start":{"line":26,"column":0},"end":{"line":26,"column":17}},"26":{"start":{"line":27,"column":0},"end":{"line":27,"column":25}},"27":{"start":{"line":28,"column":0},"end":{"line":28,"column":2}},"28":{"start":{"line":29,"column":0},"end":{"line":29,"column":0}},"29":{"start":{"line":30,"column":0},"end":{"line":30,"column":61}},"30":{"start":{"line":31,"column":0},"end":{"line":31,"column":30}},"31":{"start":{"line":32,"column":0},"end":{"line":32,"column":17}},"32":{"start":{"line":33,"column":0},"end":{"line":33,"column":3}},"33":{"start":{"line":34,"column":0},"end":{"line":34,"column":0}},"34":{"start":{"line":35,"column":0},"end":{"line":35,"column":33}},"35":{"start":{"line":36,"column":0},"end":{"line":36,"column":16}},"36":{"start":{"line":37,"column":0},"end":{"line":37,"column":3}},"37":{"start":{"line":38,"column":0},"end":{"line":38,"column":0}},"38":{"start":{"line":39,"column":0},"end":{"line":39,"column":27}},"39":{"start":{"line":40,"column":0},"end":{"line":40,"column":28}},"40":{"start":{"line":41,"column":0},"end":{"line":41,"column":17}},"41":{"start":{"line":42,"column":0},"end":{"line":42,"column":17}},"42":{"start":{"line":43,"column":0},"end":{"line":43,"column":5}},"43":{"start":{"line":44,"column":0},"end":{"line":44,"column":44}},"44":{"start":{"line":45,"column":0},"end":{"line":45,"column":44}},"45":{"start":{"line":46,"column":0},"end":{"line":46,"column":0}},"46":{"start":{"line":47,"column":0},"end":{"line":47,"column":45}},"47":{"start":{"line":48,"column":0},"end":{"line":48,"column":18}},"48":{"start":{"line":49,"column":0},"end":{"line":49,"column":5}},"49":{"start":{"line":50,"column":0},"end":{"line":50,"column":0}},"50":{"start":{"line":51,"column":0},"end":{"line":51,"column":35}},"51":{"start":{"line":52,"column":0},"end":{"line":52,"column":19}},"52":{"start":{"line":53,"column":0},"end":{"line":53,"column":5}},"53":{"start":{"line":54,"column":0},"end":{"line":54,"column":0}},"54":{"start":{"line":55,"column":0},"end":{"line":55,"column":44}},"55":{"start":{"line":56,"column":0},"end":{"line":56,"column":49}},"56":{"start":{"line":57,"column":0},"end":{"line":57,"column":21}},"57":{"start":{"line":58,"column":0},"end":{"line":58,"column":7}},"58":{"start":{"line":59,"column":0},"end":{"line":59,"column":5}},"59":{"start":{"line":60,"column":0},"end":{"line":60,"column":0}},"60":{"start":{"line":61,"column":0},"end":{"line":61,"column":16}},"61":{"start":{"line":62,"column":0},"end":{"line":62,"column":3}},"62":{"start":{"line":63,"column":0},"end":{"line":63,"column":0}},"63":{"start":{"line":64,"column":0},"end":{"line":64,"column":25}},"64":{"start":{"line":65,"column":0},"end":{"line":65,"column":1}}},"s":{"0":1,"1":1,"2":1,"3":1,"4":1,"5":1,"6":1,"7":1,"8":1,"9":1,"10":1,"11":1,"12":1,"13":1,"14":1,"15":1,"16":1,"17":1,"18":1,"19":1,"20":1,"21":1,"22":1,"23":1,"24":1,"25":1,"26":1,"27":1,"28":1,"29":76,"30":76,"31":1,"32":1,"33":75,"34":76,"35":4,"36":4,"37":71,"38":71,"39":76,"40":76,"41":76,"42":76,"43":34,"44":34,"45":34,"46":34,"47":4,"48":4,"49":30,"50":34,"51":3,"52":3,"53":27,"54":34,"55":55,"56":5,"57":5,"58":55,"59":22,"60":22,"61":22,"62":37,"63":37,"64":37},"branchMap":{"0":{"type":"branch","line":30,"loc":{"start":{"line":30,"column":0},"end":{"line":65,"column":1}},"locations":[{"start":{"line":30,"column":0},"end":{"line":65,"column":1}}]},"1":{"type":"branch","line":31,"loc":{"start":{"line":31,"column":29},"end":{"line":33,"column":3}},"locations":[{"start":{"line":31,"column":29},"end":{"line":33,"column":3}}]},"2":{"type":"branch","line":34,"loc":{"start":{"line":34,"column":-1},"end":{"line":35,"column":20}},"locations":[{"start":{"line":34,"column":-1},"end":{"line":35,"column":20}}]},"3":{"type":"branch","line":35,"loc":{"start":{"line":35,"column":16},"end":{"line":35,"column":30}},"locations":[{"start":{"line":35,"column":16},"end":{"line":35,"column":30}}]},"4":{"type":"branch","line":35,"loc":{"start":{"line":35,"column":32},"end":{"line":37,"column":3}},"locations":[{"start":{"line":35,"column":32},"end":{"line":37,"column":3}}]},"5":{"type":"branch","line":38,"loc":{"start":{"line":38,"column":-1},"end":{"line":40,"column":14}},"locations":[{"start":{"line":38,"column":-1},"end":{"line":40,"column":14}}]},"6":{"type":"branch","line":40,"loc":{"start":{"line":40,"column":7},"end":{"line":40,"column":28}},"locations":[{"start":{"line":40,"column":7},"end":{"line":40,"column":28}}]},"7":{"type":"branch","line":41,"loc":{"start":{"line":41,"column":7},"end":{"line":41,"column":17}},"locations":[{"start":{"line":41,"column":7},"end":{"line":41,"column":17}}]},"8":{"type":"branch","line":42,"loc":{"start":{"line":42,"column":7},"end":{"line":42,"column":17}},"locations":[{"start":{"line":42,"column":7},"end":{"line":42,"column":17}}]},"9":{"type":"branch","line":43,"loc":{"start":{"line":43,"column":4},"end":{"line":62,"column":3}},"locations":[{"start":{"line":43,"column":4},"end":{"line":62,"column":3}}]},"10":{"type":"branch","line":47,"loc":{"start":{"line":47,"column":23},"end":{"line":47,"column":42}},"locations":[{"start":{"line":47,"column":23},"end":{"line":47,"column":42}}]},"11":{"type":"branch","line":47,"loc":{"start":{"line":47,"column":44},"end":{"line":49,"column":5}},"locations":[{"start":{"line":47,"column":44},"end":{"line":49,"column":5}}]},"12":{"type":"branch","line":50,"loc":{"start":{"line":50,"column":-1},"end":{"line":51,"column":34}},"locations":[{"start":{"line":50,"column":-1},"end":{"line":51,"column":34}}]},"13":{"type":"branch","line":51,"loc":{"start":{"line":51,"column":34},"end":{"line":53,"column":5}},"locations":[{"start":{"line":51,"column":34},"end":{"line":53,"column":5}}]},"14":{"type":"branch","line":54,"loc":{"start":{"line":54,"column":-1},"end":{"line":55,"column":43}},"locations":[{"start":{"line":54,"column":-1},"end":{"line":55,"column":43}}]},"15":{"type":"branch","line":55,"loc":{"start":{"line":55,"column":43},"end":{"line":59,"column":5}},"locations":[{"start":{"line":55,"column":43},"end":{"line":59,"column":5}}]},"16":{"type":"branch","line":56,"loc":{"start":{"line":56,"column":48},"end":{"line":58,"column":7}},"locations":[{"start":{"line":56,"column":48},"end":{"line":58,"column":7}}]},"17":{"type":"branch","line":60,"loc":{"start":{"line":60,"column":-1},"end":{"line":62,"column":3}},"locations":[{"start":{"line":60,"column":-1},"end":{"line":62,"column":3}}]},"18":{"type":"branch","line":63,"loc":{"start":{"line":63,"column":-1},"end":{"line":65,"column":1}},"locations":[{"start":{"line":63,"column":-1},"end":{"line":65,"column":1}}]}},"b":{"0":[76],"1":[1],"2":[75],"3":[4],"4":[4],"5":[71],"6":[34],"7":[34],"8":[34],"9":[34],"10":[4],"11":[4],"12":[30],"13":[3],"14":[27],"15":[55],"16":[5],"17":[22],"18":[37]},"fnMap":{"0":{"name":"deepEquals","decl":{"start":{"line":30,"column":0},"end":{"line":65,"column":1}},"loc":{"start":{"line":30,"column":0},"end":{"line":65,"column":1}},"line":30}},"f":{"0":76}}
}
