TN:
SF:src/mastery/deep-equals.ts
FN:30,deepEquals
FNF:1
FNH:1
FNDA:76,deepEquals
DA:1,1
DA:2,1
DA:3,1
DA:4,1
DA:5,1
DA:6,1
DA:7,1
DA:8,1
DA:9,1
DA:10,1
DA:11,1
DA:12,1
DA:13,1
DA:14,1
DA:15,1
DA:16,1
DA:17,1
DA:18,1
DA:19,1
DA:20,1
DA:21,1
DA:22,1
DA:23,1
DA:24,1
DA:25,1
DA:26,1
DA:27,1
DA:28,1
DA:29,1
DA:30,76
DA:31,76
DA:32,1
DA:33,1
DA:34,75
DA:35,76
DA:36,4
DA:37,4
DA:38,71
DA:39,71
DA:40,76
DA:41,76
DA:42,76
DA:43,76
DA:44,34
DA:45,34
DA:46,34
DA:47,34
DA:48,4
DA:49,4
DA:50,30
DA:51,34
DA:52,3
DA:53,3
DA:54,27
DA:55,34
DA:56,55
DA:57,5
DA:58,5
DA:59,55
DA:60,22
DA:61,22
DA:62,22
DA:63,37
DA:64,37
DA:65,37
LF:65
LH:65
BRDA:30,0,0,76
BRDA:31,1,0,1
BRDA:34,2,0,75
BRDA:35,3,0,4
BRDA:35,4,0,4
BRDA:38,5,0,71
BRDA:40,6,0,34
BRDA:41,7,0,34
BRDA:42,8,0,34
BRDA:43,9,0,34
BRDA:47,10,0,4
BRDA:47,11,0,4
BRDA:50,12,0,30
BRDA:51,13,0,3
BRDA:54,14,0,27
BRDA:55,15,0,55
BRDA:56,16,0,5
BRDA:60,17,0,22
BRDA:63,18,0,37
BRF:19
BRH:19
end_of_record
